INFO 2024-11-22 19:08:24,620 autoreload Watching for file changes with StatReloader
WARNING 2024-11-22 19:08:30,708 log Not Found: /
WARNING 2024-11-22 19:08:30,708 basehttp "GET / HTTP/1.1" 404 2535
INFO 2024-11-22 19:08:37,586 basehttp "GET /admin/ HTTP/1.1" 200 13646
INFO 2024-11-22 19:08:47,971 basehttp "GET /admin/users/user/ HTTP/1.1" 200 13848
INFO 2024-11-22 19:08:48,025 basehttp "GET /admin/jsi18n/ HTTP/1.1" 200 3342
INFO 2024-11-22 19:08:51,002 basehttp "GET /admin/users/user/add/ HTTP/1.1" 200 24802
INFO 2024-11-22 19:08:51,047 basehttp "GET /admin/jsi18n/ HTTP/1.1" 200 3342
INFO 2024-11-22 19:08:54,073 basehttp "GET /admin/users/user/ HTTP/1.1" 200 13848
INFO 2024-11-22 19:08:55,514 basehttp "GET /admin/students/student/ HTTP/1.1" 200 12969
INFO 2024-11-22 19:08:55,573 basehttp "GET /admin/jsi18n/ HTTP/1.1" 200 3342
INFO 2024-11-22 19:08:57,352 basehttp "GET /admin/students/student/add/ HTTP/1.1" 200 13390
INFO 2024-11-22 19:08:57,400 basehttp "GET /admin/jsi18n/ HTTP/1.1" 200 3342
INFO 2024-11-22 19:09:02,496 basehttp "GET /admin/grades/grade/ HTTP/1.1" 200 12063
INFO 2024-11-22 19:09:02,537 basehttp "GET /admin/jsi18n/ HTTP/1.1" 200 3342
INFO 2024-11-22 19:09:08,078 basehttp "GET /admin/grades/grade/add/ HTTP/1.1" 200 14996
INFO 2024-11-22 19:09:08,122 basehttp "GET /admin/jsi18n/ HTTP/1.1" 200 3342
INFO 2024-11-22 19:09:12,582 basehttp "GET /admin/courses/enrollment/ HTTP/1.1" 200 12200
INFO 2024-11-22 19:09:12,659 basehttp "GET /admin/jsi18n/ HTTP/1.1" 200 3342
INFO 2024-11-22 19:09:16,611 basehttp "GET /admin/courses/enrollment/add/ HTTP/1.1" 200 14438
INFO 2024-11-22 19:09:16,654 basehttp "GET /admin/jsi18n/ HTTP/1.1" 200 3342
INFO 2024-11-22 19:09:22,081 basehttp "GET /admin/courses/course/ HTTP/1.1" 200 12806
INFO 2024-11-22 19:09:22,130 basehttp "GET /admin/jsi18n/ HTTP/1.1" 200 3342
INFO 2024-11-22 19:09:25,514 basehttp "GET /admin/courses/course/add/ HTTP/1.1" 200 13742
INFO 2024-11-22 19:09:25,574 basehttp "GET /admin/jsi18n/ HTTP/1.1" 200 3342
INFO 2024-11-22 19:09:46,062 basehttp "GET /admin/users/user/ HTTP/1.1" 200 13848
INFO 2024-11-22 19:09:46,122 basehttp "GET /admin/jsi18n/ HTTP/1.1" 200 3342
INFO 2024-11-22 19:09:51,544 basehttp "GET /admin/courses/course/ HTTP/1.1" 200 12806
INFO 2024-11-22 19:09:51,591 basehttp "GET /admin/jsi18n/ HTTP/1.1" 200 3342
INFO 2024-11-22 19:09:54,255 basehttp "GET /admin/courses/enrollment/ HTTP/1.1" 200 12200
INFO 2024-11-22 19:09:54,305 basehttp "GET /admin/jsi18n/ HTTP/1.1" 200 3342
INFO 2024-11-22 19:09:55,679 basehttp "GET /admin/courses/course/ HTTP/1.1" 200 12806
INFO 2024-11-22 19:09:55,749 basehttp "GET /admin/jsi18n/ HTTP/1.1" 200 3342
INFO 2024-11-22 19:09:57,103 basehttp "GET /admin/courses/course/add/ HTTP/1.1" 200 13742
INFO 2024-11-22 19:09:57,156 basehttp "GET /admin/jsi18n/ HTTP/1.1" 200 3342
INFO 2024-11-22 19:10:02,679 basehttp "GET /admin/attendance/attendance/ HTTP/1.1" 200 12162
INFO 2024-11-22 19:10:02,730 basehttp "GET /admin/jsi18n/ HTTP/1.1" 200 3342
INFO 2024-11-22 19:10:04,973 basehttp "GET /admin/attendance/attendance/add/ HTTP/1.1" 200 15712
INFO 2024-11-22 19:10:05,019 basehttp "GET /admin/jsi18n/ HTTP/1.1" 200 3342
INFO 2024-11-22 19:10:27,289 basehttp "POST /admin/logout/ HTTP/1.1" 200 3555
INFO 2024-11-22 19:10:29,172 basehttp "GET /admin/ HTTP/1.1" 302 0
INFO 2024-11-22 19:10:29,272 basehttp "GET /admin/login/?next=/admin/ HTTP/1.1" 200 4160
INFO 2024-11-22 19:10:38,070 basehttp "POST /admin/login/?next=/admin/ HTTP/1.1" 200 4322
INFO 2024-11-22 19:11:26,435 autoreload Watching for file changes with StatReloader
INFO 2024-11-22 19:11:31,124 basehttp "POST /admin/login/?next=/admin/ HTTP/1.1" 200 4322
INFO 2024-11-22 19:11:42,929 basehttp "POST /admin/login/?next=/admin/ HTTP/1.1" 302 0
INFO 2024-11-22 19:11:42,986 basehttp "GET /admin/ HTTP/1.1" 200 10085
INFO 2024-11-22 19:11:58,679 basehttp "GET /admin/users/user/ HTTP/1.1" 200 14116
INFO 2024-11-22 19:11:58,768 basehttp "GET /admin/jsi18n/ HTTP/1.1" 200 3342
INFO 2024-11-22 19:12:03,469 basehttp "GET /admin/users/user/10/change/ HTTP/1.1" 200 25186
INFO 2024-11-22 19:12:03,517 basehttp "GET /admin/jsi18n/ HTTP/1.1" 200 3342
INFO 2024-11-22 19:12:06,151 basehttp "GET /admin/users/user/ HTTP/1.1" 200 14116
INFO 2024-11-22 19:12:07,790 basehttp "GET /admin/users/user/9/change/ HTTP/1.1" 200 25046
INFO 2024-11-22 19:12:07,897 basehttp "GET /admin/jsi18n/ HTTP/1.1" 200 3342
INFO 2024-11-22 19:12:11,284 basehttp "GET /admin/users/user/ HTTP/1.1" 200 14116
INFO 2024-11-22 19:12:12,464 basehttp "GET /admin/users/user/8/change/ HTTP/1.1" 200 25064
INFO 2024-11-22 19:12:12,546 basehttp "GET /admin/jsi18n/ HTTP/1.1" 200 3342
INFO 2024-11-22 19:12:13,317 basehttp "GET /admin/users/user/ HTTP/1.1" 200 14116
INFO 2024-11-22 19:12:14,670 basehttp "GET /admin/users/user/1/change/ HTTP/1.1" 200 25204
INFO 2024-11-22 19:12:14,761 basehttp "GET /admin/jsi18n/ HTTP/1.1" 200 3342
INFO 2024-11-22 19:12:20,462 basehttp "GET /admin/users/user/1/history/ HTTP/1.1" 200 9408
INFO 2024-11-22 19:12:23,192 basehttp "GET /admin/users/user/1/change/ HTTP/1.1" 200 25204
INFO 2024-11-22 19:12:36,753 basehttp "POST /admin/users/user/1/change/ HTTP/1.1" 302 0
INFO 2024-11-22 19:12:36,810 basehttp "GET /admin/users/user/ HTTP/1.1" 200 14321
INFO 2024-11-22 19:12:36,858 basehttp "GET /admin/jsi18n/ HTTP/1.1" 200 3342
INFO 2024-11-22 19:12:43,913 basehttp "GET /admin/users/user/10/change/ HTTP/1.1" 200 25186
INFO 2024-11-22 19:12:43,960 basehttp "GET /admin/jsi18n/ HTTP/1.1" 200 3342
INFO 2024-11-22 19:12:46,441 basehttp "POST /admin/users/user/10/change/ HTTP/1.1" 302 0
INFO 2024-11-22 19:12:46,499 basehttp "GET /admin/users/user/ HTTP/1.1" 200 14317
INFO 2024-11-22 19:12:46,547 basehttp "GET /admin/jsi18n/ HTTP/1.1" 200 3342
INFO 2024-11-22 19:12:48,248 basehttp "GET /admin/users/user/10/change/ HTTP/1.1" 200 25186
INFO 2024-11-22 19:12:48,284 basehttp "GET /admin/jsi18n/ HTTP/1.1" 200 3342
INFO 2024-11-22 19:12:52,160 basehttp "POST /admin/users/user/10/change/ HTTP/1.1" 302 0
INFO 2024-11-22 19:12:52,205 basehttp "GET /admin/users/user/ HTTP/1.1" 200 14317
INFO 2024-11-22 19:12:52,255 basehttp "GET /admin/jsi18n/ HTTP/1.1" 200 3342
INFO 2024-11-22 19:12:54,620 basehttp "GET /admin/users/user/2/change/ HTTP/1.1" 200 25108
INFO 2024-11-22 19:12:54,680 basehttp "GET /admin/jsi18n/ HTTP/1.1" 200 3342
INFO 2024-11-22 19:13:00,020 basehttp "POST /admin/users/user/2/change/ HTTP/1.1" 302 0
INFO 2024-11-22 19:13:00,071 basehttp "GET /admin/users/user/ HTTP/1.1" 200 14322
INFO 2024-11-22 19:13:00,116 basehttp "GET /admin/jsi18n/ HTTP/1.1" 200 3342
INFO 2024-11-22 19:13:03,375 basehttp "POST /admin/logout/ HTTP/1.1" 200 3555
INFO 2024-11-22 19:13:04,871 basehttp "GET /admin/ HTTP/1.1" 302 0
INFO 2024-11-22 19:13:04,893 basehttp "GET /admin/login/?next=/admin/ HTTP/1.1" 200 4160
INFO 2024-11-22 19:13:15,928 basehttp "POST /admin/login/?next=/admin/ HTTP/1.1" 200 4333
INFO 2024-11-22 19:13:29,464 basehttp "POST /admin/login/?next=/admin/ HTTP/1.1" 200 4327
INFO 2024-11-22 19:13:37,354 basehttp "POST /admin/login/?next=/admin/ HTTP/1.1" 302 0
INFO 2024-11-22 19:13:37,398 basehttp "GET /admin/ HTTP/1.1" 200 11527
WARNING 2024-11-22 19:16:10,076 log Not Found: /auth
WARNING 2024-11-22 19:16:10,076 basehttp "GET /auth HTTP/1.1" 404 2565
INFO 2024-11-22 19:16:20,573 basehttp "GET /auth/token HTTP/1.1" 301 0
WARNING 2024-11-22 19:16:20,824 log Method Not Allowed: /auth/token/
WARNING 2024-11-22 19:16:20,825 basehttp "GET /auth/token/ HTTP/1.1" 405 7614
INFO 2024-11-22 19:16:20,866 basehttp "GET /static/rest_framework/css/bootstrap.min.css HTTP/1.1" 304 0
INFO 2024-11-22 19:16:20,869 basehttp "GET /static/rest_framework/css/prettify.css HTTP/1.1" 304 0
INFO 2024-11-22 19:16:20,869 basehttp "GET /static/rest_framework/css/bootstrap-tweaks.css HTTP/1.1" 304 0
INFO 2024-11-22 19:16:20,870 basehttp "GET /static/rest_framework/css/default.css HTTP/1.1" 304 0
INFO 2024-11-22 19:16:20,875 basehttp "GET /static/rest_framework/js/jquery-3.7.1.min.js HTTP/1.1" 304 0
INFO 2024-11-22 19:16:20,876 basehttp "GET /static/rest_framework/js/csrf.js HTTP/1.1" 304 0
INFO 2024-11-22 19:16:20,877 basehttp "GET /static/rest_framework/js/ajax-form.js HTTP/1.1" 304 0
INFO 2024-11-22 19:16:20,878 basehttp "GET /static/rest_framework/js/default.js HTTP/1.1" 304 0
INFO 2024-11-22 19:16:20,878 basehttp "GET /static/rest_framework/js/bootstrap.min.js HTTP/1.1" 304 0
INFO 2024-11-22 19:16:20,878 basehttp "GET /static/rest_framework/js/load-ajax-form.js HTTP/1.1" 304 0
INFO 2024-11-22 19:16:20,879 basehttp "GET /static/rest_framework/js/prettify-min.js HTTP/1.1" 304 0
INFO 2024-11-22 19:16:20,900 basehttp "GET /static/rest_framework/img/grid.png HTTP/1.1" 304 0
WARNING 2024-11-22 19:17:09,233 log Unauthorized: /auth/token/
WARNING 2024-11-22 19:17:09,233 basehttp "POST /auth/token/ HTTP/1.1" 401 7554
WARNING 2024-11-22 19:17:19,195 log Method Not Allowed: /auth/token/
WARNING 2024-11-22 19:17:19,197 basehttp "GET /auth/token/ HTTP/1.1" 405 7614
INFO 2024-11-22 19:17:22,945 basehttp "GET /admin/ HTTP/1.1" 200 11527
INFO 2024-11-22 19:17:26,913 basehttp "GET /admin/users/user/ HTTP/1.1" 200 14116
INFO 2024-11-22 19:17:26,959 basehttp "GET /admin/jsi18n/ HTTP/1.1" 200 3342
INFO 2024-11-22 19:18:09,813 autoreload C:\Users\Azizullah Darmani\Documents\5_semester\Django\StudentMnanagement_1\StudentMnanagement_1\urls.py changed, reloading.
INFO 2024-11-22 19:18:11,166 autoreload Watching for file changes with StatReloader
INFO 2024-11-22 19:18:13,052 autoreload C:\Users\Azizullah Darmani\Documents\5_semester\Django\StudentMnanagement_1\StudentMnanagement_1\urls.py changed, reloading.
INFO 2024-11-22 19:18:14,000 autoreload Watching for file changes with StatReloader
WARNING 2024-11-22 19:18:20,368 log Not Found: /auth/token/
WARNING 2024-11-22 19:18:20,370 basehttp "POST /auth/token/ HTTP/1.1" 404 2223
INFO 2024-11-22 19:18:24,267 basehttp "GET /admin/ HTTP/1.1" 200 11527
INFO 2024-11-22 19:18:28,574 basehttp "GET /admin/users/user/ HTTP/1.1" 200 14116
INFO 2024-11-22 19:18:28,652 basehttp "GET /admin/jsi18n/ HTTP/1.1" 200 3342
INFO 2024-11-22 19:18:31,949 basehttp "GET /admin/ HTTP/1.1" 200 11527
INFO 2024-11-22 19:18:42,116 basehttp "GET /admin/users/user/1/change/ HTTP/1.1" 200 25204
INFO 2024-11-22 19:18:42,168 basehttp "GET /admin/jsi18n/ HTTP/1.1" 200 3342
INFO 2024-11-22 19:18:44,126 basehttp "GET /admin/ HTTP/1.1" 200 11527
INFO 2024-11-22 19:18:45,257 basehttp "GET /admin/users/user/10/change/ HTTP/1.1" 200 25186
INFO 2024-11-22 19:18:45,390 basehttp "GET /admin/jsi18n/ HTTP/1.1" 200 3342
INFO 2024-11-22 19:18:46,185 basehttp "GET /admin/ HTTP/1.1" 200 11527
INFO 2024-11-22 19:18:47,201 basehttp "GET /admin/users/user/10/change/ HTTP/1.1" 200 25186
INFO 2024-11-22 19:18:47,258 basehttp "GET /admin/jsi18n/ HTTP/1.1" 200 3342
INFO 2024-11-22 19:18:47,986 basehttp "GET /admin/ HTTP/1.1" 200 11527
INFO 2024-11-22 19:18:49,294 basehttp "GET /admin/users/user/2/change/ HTTP/1.1" 200 25108
INFO 2024-11-22 19:18:49,439 basehttp "GET /admin/jsi18n/ HTTP/1.1" 200 3342
INFO 2024-11-22 19:18:50,595 basehttp "GET /admin/ HTTP/1.1" 200 11527
INFO 2024-11-22 19:18:55,590 basehttp "GET / HTTP/1.1" 200 12068
INFO 2024-11-22 19:19:00,927 basehttp "GET /admin/ HTTP/1.1" 200 11527
INFO 2024-11-22 19:19:02,551 basehttp "GET / HTTP/1.1" 200 12068
INFO 2024-11-22 19:19:03,231 basehttp "GET /admin/ HTTP/1.1" 200 11527
INFO 2024-11-22 19:19:04,878 basehttp "GET /admin/password_change/ HTTP/1.1" 200 10471
INFO 2024-11-22 19:19:17,278 basehttp "GET /admin/ HTTP/1.1" 200 11527
INFO 2024-11-22 19:19:30,421 basehttp "GET /admin/users/user/ HTTP/1.1" 200 14116
INFO 2024-11-22 19:19:30,480 basehttp "GET /admin/jsi18n/ HTTP/1.1" 200 3342
INFO 2024-11-22 19:19:33,925 basehttp "GET /admin/ HTTP/1.1" 200 11527
INFO 2024-11-22 19:19:52,111 basehttp "GET /admin/ HTTP/1.1" 200 11527
INFO 2024-11-22 19:24:58,760 autoreload C:\Users\Azizullah Darmani\Documents\5_semester\Django\StudentMnanagement_1\StudentMnanagement_1\urls.py changed, reloading.
INFO 2024-11-22 19:25:00,031 autoreload Watching for file changes with StatReloader
INFO 2024-11-22 19:25:14,221 autoreload C:\Users\Azizullah Darmani\Documents\5_semester\Django\StudentMnanagement_1\StudentMnanagement_1\urls.py changed, reloading.
INFO 2024-11-22 19:25:15,313 autoreload Watching for file changes with StatReloader
INFO 2024-11-22 19:25:17,569 autoreload C:\Users\Azizullah Darmani\Documents\5_semester\Django\StudentMnanagement_1\StudentMnanagement_1\urls.py changed, reloading.
INFO 2024-11-22 19:25:18,519 autoreload Watching for file changes with StatReloader
INFO 2024-11-22 19:25:20,774 autoreload C:\Users\Azizullah Darmani\Documents\5_semester\Django\StudentMnanagement_1\StudentMnanagement_1\urls.py changed, reloading.
INFO 2024-11-22 19:25:21,779 autoreload Watching for file changes with StatReloader
INFO 2024-11-22 19:25:25,035 autoreload C:\Users\Azizullah Darmani\Documents\5_semester\Django\StudentMnanagement_1\StudentMnanagement_1\urls.py changed, reloading.
INFO 2024-11-22 19:25:26,057 autoreload Watching for file changes with StatReloader
INFO 2024-11-22 19:25:28,338 autoreload C:\Users\Azizullah Darmani\Documents\5_semester\Django\StudentMnanagement_1\StudentMnanagement_1\urls.py changed, reloading.
INFO 2024-11-22 19:25:29,370 autoreload Watching for file changes with StatReloader
INFO 2024-11-22 19:25:33,340 basehttp "GET /admin/ HTTP/1.1" 200 11527
INFO 2024-11-22 19:25:42,898 basehttp "GET /auth/token/refresh HTTP/1.1" 301 0
WARNING 2024-11-22 19:25:42,974 log Method Not Allowed: /auth/token/refresh/
WARNING 2024-11-22 19:25:42,975 basehttp "GET /auth/token/refresh/ HTTP/1.1" 405 7430
INFO 2024-11-22 19:25:55,831 autoreload C:\Users\Azizullah Darmani\Documents\5_semester\Django\StudentMnanagement_1\StudentMnanagement_1\urls.py changed, reloading.
INFO 2024-11-22 19:25:56,891 autoreload Watching for file changes with StatReloader
INFO 2024-11-22 19:25:59,295 autoreload C:\Users\Azizullah Darmani\Documents\5_semester\Django\StudentMnanagement_1\StudentMnanagement_1\urls.py changed, reloading.
INFO 2024-11-22 19:26:00,422 autoreload Watching for file changes with StatReloader
INFO 2024-11-22 19:26:02,465 autoreload C:\Users\Azizullah Darmani\Documents\5_semester\Django\StudentMnanagement_1\StudentMnanagement_1\urls.py changed, reloading.
INFO 2024-11-22 19:26:03,430 autoreload Watching for file changes with StatReloader
INFO 2024-11-22 19:26:06,514 autoreload C:\Users\Azizullah Darmani\Documents\5_semester\Django\StudentMnanagement_1\StudentMnanagement_1\urls.py changed, reloading.
INFO 2024-11-22 19:26:07,417 autoreload Watching for file changes with StatReloader
INFO 2024-11-22 19:26:13,597 autoreload C:\Users\Azizullah Darmani\Documents\5_semester\Django\StudentMnanagement_1\StudentMnanagement_1\urls.py changed, reloading.
INFO 2024-11-22 19:26:14,523 autoreload Watching for file changes with StatReloader
INFO 2024-11-22 19:26:25,778 autoreload C:\Users\Azizullah Darmani\Documents\5_semester\Django\StudentMnanagement_1\StudentMnanagement_1\urls.py changed, reloading.
INFO 2024-11-22 19:26:26,731 autoreload Watching for file changes with StatReloader
INFO 2024-11-22 19:26:28,393 autoreload C:\Users\Azizullah Darmani\Documents\5_semester\Django\StudentMnanagement_1\StudentMnanagement_1\urls.py changed, reloading.
INFO 2024-11-22 19:26:29,262 autoreload Watching for file changes with StatReloader
INFO 2024-11-22 19:26:31,981 autoreload C:\Users\Azizullah Darmani\Documents\5_semester\Django\StudentMnanagement_1\StudentMnanagement_1\urls.py changed, reloading.
INFO 2024-11-22 19:26:32,887 autoreload Watching for file changes with StatReloader
INFO 2024-11-22 19:26:35,536 autoreload C:\Users\Azizullah Darmani\Documents\5_semester\Django\StudentMnanagement_1\StudentMnanagement_1\urls.py changed, reloading.
INFO 2024-11-22 19:26:36,400 autoreload Watching for file changes with StatReloader
INFO 2024-11-22 19:26:40,153 autoreload C:\Users\Azizullah Darmani\Documents\5_semester\Django\StudentMnanagement_1\StudentMnanagement_1\urls.py changed, reloading.
INFO 2024-11-22 19:26:40,989 autoreload Watching for file changes with StatReloader
INFO 2024-11-22 19:26:47,853 autoreload C:\Users\Azizullah Darmani\Documents\5_semester\Django\StudentMnanagement_1\StudentMnanagement_1\urls.py changed, reloading.
INFO 2024-11-22 19:26:48,804 autoreload Watching for file changes with StatReloader
INFO 2024-11-22 19:26:53,559 autoreload C:\Users\Azizullah Darmani\Documents\5_semester\Django\StudentMnanagement_1\StudentMnanagement_1\urls.py changed, reloading.
INFO 2024-11-22 19:26:54,415 autoreload Watching for file changes with StatReloader
INFO 2024-11-22 19:27:47,592 autoreload C:\Users\Azizullah Darmani\Documents\5_semester\Django\StudentMnanagement_1\StudentMnanagement_1\urls.py changed, reloading.
INFO 2024-11-22 19:27:48,745 autoreload Watching for file changes with StatReloader
INFO 2024-11-22 19:27:50,792 autoreload C:\Users\Azizullah Darmani\Documents\5_semester\Django\StudentMnanagement_1\StudentMnanagement_1\urls.py changed, reloading.
INFO 2024-11-22 19:27:51,915 autoreload Watching for file changes with StatReloader
INFO 2024-11-22 19:27:56,246 autoreload C:\Users\Azizullah Darmani\Documents\5_semester\Django\StudentMnanagement_1\StudentMnanagement_1\urls.py changed, reloading.
INFO 2024-11-22 19:27:57,975 autoreload Watching for file changes with StatReloader
INFO 2024-11-22 19:28:08,732 autoreload C:\Users\Azizullah Darmani\Documents\5_semester\Django\StudentMnanagement_1\StudentMnanagement_1\urls.py changed, reloading.
INFO 2024-11-22 19:28:09,876 autoreload Watching for file changes with StatReloader
INFO 2024-11-22 19:28:17,731 autoreload C:\Users\Azizullah Darmani\Documents\5_semester\Django\StudentMnanagement_1\StudentMnanagement_1\urls.py changed, reloading.
INFO 2024-11-22 19:28:19,406 autoreload Watching for file changes with StatReloader
INFO 2024-11-22 19:29:07,817 autoreload Watching for file changes with StatReloader
INFO 2024-11-22 19:29:13,364 basehttp "GET /admin/users/user/ HTTP/1.1" 200 14116
INFO 2024-11-22 19:29:13,465 basehttp "GET /admin/jsi18n/ HTTP/1.1" 200 3342
WARNING 2024-11-22 19:29:18,850 log Not Found: /
WARNING 2024-11-22 19:29:18,850 basehttp "GET / HTTP/1.1" 404 2323
INFO 2024-11-22 19:29:20,078 basehttp "GET /admin/ HTTP/1.1" 200 11527
WARNING 2024-11-22 19:29:21,023 log Not Found: /admni
WARNING 2024-11-22 19:29:21,024 basehttp "GET /admni HTTP/1.1" 404 2356
INFO 2024-11-22 19:29:24,697 basehttp "GET /admin/ HTTP/1.1" 200 11527
INFO 2024-11-22 19:29:32,109 basehttp "GET /admin/ HTTP/1.1" 200 11527
WARNING 2024-11-22 19:29:37,467 log Unauthorized: /students/students/
WARNING 2024-11-22 19:29:37,468 basehttp "GET /students/students/ HTTP/1.1" 401 5211
INFO 2024-11-22 19:29:43,425 basehttp "GET /students/ HTTP/1.1" 200 5307
WARNING 2024-11-22 19:30:45,829 log Unauthorized: /students/students/
WARNING 2024-11-22 19:30:45,830 basehttp "GET /students/students/ HTTP/1.1" 401 5211
INFO 2024-11-22 19:34:50,075 autoreload C:\Users\Azizullah Darmani\Documents\5_semester\Django\StudentMnanagement_1\StudentMnanagement_1\urls.py changed, reloading.
INFO 2024-11-22 19:34:51,473 autoreload Watching for file changes with StatReloader
INFO 2024-11-22 19:34:58,136 autoreload C:\Users\Azizullah Darmani\Documents\5_semester\Django\StudentMnanagement_1\StudentMnanagement_1\urls.py changed, reloading.
INFO 2024-11-22 19:34:59,154 autoreload Watching for file changes with StatReloader
INFO 2024-11-22 19:35:06,503 autoreload C:\Users\Azizullah Darmani\Documents\5_semester\Django\StudentMnanagement_1\StudentMnanagement_1\urls.py changed, reloading.
INFO 2024-11-22 19:35:07,625 autoreload Watching for file changes with StatReloader
INFO 2024-11-22 19:35:17,536 autoreload Watching for file changes with StatReloader
INFO 2024-11-22 19:35:46,667 autoreload C:\Users\Azizullah Darmani\Documents\5_semester\Django\StudentMnanagement_1\users\views.py changed, reloading.
INFO 2024-11-22 19:35:47,640 autoreload Watching for file changes with StatReloader
INFO 2024-11-22 19:35:56,373 autoreload C:\Users\Azizullah Darmani\Documents\5_semester\Django\StudentMnanagement_1\users\views.py changed, reloading.
INFO 2024-11-22 19:35:57,284 autoreload Watching for file changes with StatReloader
INFO 2024-11-22 19:36:05,723 autoreload C:\Users\Azizullah Darmani\Documents\5_semester\Django\StudentMnanagement_1\users\views.py changed, reloading.
INFO 2024-11-22 19:36:06,683 autoreload Watching for file changes with StatReloader
INFO 2024-11-22 19:36:14,184 autoreload C:\Users\Azizullah Darmani\Documents\5_semester\Django\StudentMnanagement_1\users\views.py changed, reloading.
INFO 2024-11-22 19:36:15,138 autoreload Watching for file changes with StatReloader
INFO 2024-11-22 19:36:23,585 autoreload C:\Users\Azizullah Darmani\Documents\5_semester\Django\StudentMnanagement_1\users\views.py changed, reloading.
INFO 2024-11-22 19:36:24,498 autoreload Watching for file changes with StatReloader
INFO 2024-11-22 19:36:30,760 autoreload C:\Users\Azizullah Darmani\Documents\5_semester\Django\StudentMnanagement_1\users\views.py changed, reloading.
INFO 2024-11-22 19:36:32,047 autoreload Watching for file changes with StatReloader
INFO 2024-11-22 19:36:42,470 autoreload C:\Users\Azizullah Darmani\Documents\5_semester\Django\StudentMnanagement_1\users\views.py changed, reloading.
INFO 2024-11-22 19:36:43,372 autoreload Watching for file changes with StatReloader
INFO 2024-11-22 19:37:15,834 autoreload Watching for file changes with StatReloader
WARNING 2024-11-22 19:37:21,412 log Not Found: /auth/token/refresh/
WARNING 2024-11-22 19:37:21,416 basehttp "GET /auth/token/refresh/ HTTP/1.1" 404 2398
WARNING 2024-11-22 19:37:25,121 log Not Found: /
WARNING 2024-11-22 19:37:25,122 basehttp "GET / HTTP/1.1" 404 2323
INFO 2024-11-22 19:37:27,177 basehttp "GET /admin/ HTTP/1.1" 200 11527
INFO 2024-11-22 19:37:33,469 basehttp "GET /admin/users/user/ HTTP/1.1" 200 14116
INFO 2024-11-22 19:37:33,541 basehttp "GET /admin/jsi18n/ HTTP/1.1" 200 3342
